<?xml version="1.0" encoding="UTF-8"?>
<!-- Generated by org.testng.reporters.JUnitXMLReporter -->
<testsuite ignored="6" hostname="DESKTOP-5I8QE3D" failures="0" tests="1" name="Default test" time="64.888" errors="0" timestamp="2022-12-06T16:12:16 IST">
  <testcase classname="webapp.nativeapp_appium" name="d" time="31.302"/>
  <testcase classname="webapp.nativeapp_appium" name="testcase3" time="0.0">
    <ignored/>
  </testcase> <!-- testcase3 -->
  <testcase classname="webapp.nativeapp_appium" name="testcase2" time="0.0">
    <ignored/>
  </testcase> <!-- testcase2 -->
  <testcase classname="webapp.nativeapp_appium" name="swipeActions" time="0.0">
    <ignored/>
  </testcase> <!-- swipeActions -->
  <testcase classname="webapp.nativeapp_appium" name="scroll" time="0.0">
    <ignored/>
  </testcase> <!-- scroll -->
  <testcase classname="webapp.nativeapp_appium" name="testcase1" time="0.0">
    <ignored/>
  </testcase> <!-- testcase1 -->
  <testcase classname="webapp.nativeapp_appium" name="dragAndDrop" time="0.0">
    <ignored/>
  </testcase> <!-- dragAndDrop -->
</testsuite> <!-- Default test -->
