<?xml version="1.0" encoding="UTF-8"?>
<testng-results ignored="6" total="7" passed="1" failed="0" skipped="0">
  <reporter-output>
  </reporter-output>
  <suite started-at="2022-12-06T16:11:11 IST" name="Default suite" finished-at="2022-12-06T16:12:16 IST" duration-ms="64888">
    <groups>
    </groups>
    <test started-at="2022-12-06T16:11:11 IST" name="Default test" finished-at="2022-12-06T16:12:16 IST" duration-ms="64888">
      <class name="webapp.nativeapp_appium">
        <test-method is-config="true" signature="BT()[pri:0, instance:webapp.nativeapp_appium@130c12b7]" started-at="2022-12-06T16:11:11 IST" name="BT" finished-at="2022-12-06T16:11:45 IST" duration-ms="33369" status="PASS">
          <reporter-output>
          </reporter-output>
        </test-method> <!-- BT -->
        <test-method signature="d()[pri:0, instance:webapp.nativeapp_appium@130c12b7]" started-at="2022-12-06T16:11:45 IST" name="d" finished-at="2022-12-06T16:12:16 IST" duration-ms="31302" status="PASS">
          <reporter-output>
          </reporter-output>
        </test-method> <!-- d -->
      </class> <!-- webapp.nativeapp_appium -->
    </test> <!-- Default test -->
  </suite> <!-- Default suite -->
</testng-results>
